<?xml version="1.0" encoding="UTF-8"?><testsuite errors="1" failures="0" name="Prueba Tecnica" skipped="0" tests="3" time="15.6" timestamp="2022-11-11 07:13:33"><testcase name="001 Registro de usuario de manera exitosa"/><testcase name="002 Ingreso de usuario de manera exitosa"/><testcase name="003 Creacion de un articulo de manera exitosa"><error message="invalid selector: Unable to locate an element with the xpath expression ////a[@class='nav-link active' and contains(.,' Global Feed ')] because of the following error:&#10;SyntaxError: Failed to execute 'evaluate' on 'Document': The string '////a[@class='nav-link active' and contains(.,' Global Feed ')]' is not a valid XPath expression.&#10;  (Session info: chrome=107.0.5304.107)&#10;For documentation on this error, please visit: https://www.seleniumhq.org/exceptions/invalid_selector_exception.html&#10;Build info: version: '3.141.59', revision: 'e82be7d358', time: '2018-11-14T08:17:03'&#10;System info: host: 'DESKTOP-63RC1IU', ip: '192.168.0.10', os.name: 'Windows 10', os.arch: 'amd64', os.version: '10.0', java.version: '1.8.0_352'&#10;Driver info: org.openqa.selenium.chrome.ChromeDriver&#10;Capabilities {acceptInsecureCerts: false, browserName: chrome, browserVersion: 107.0.5304.107, chrome: {chromedriverVersion: 107.0.5304.62 (1eec40d3a576..., userDataDir: C:\Users\sebas\AppData\Loca...}, goog:chromeOptions: {debuggerAddress: localhost:62992}, javascriptEnabled: true, networkConnectionEnabled: false, pageLoadStrategy: normal, platform: WINDOWS, platformName: WINDOWS, proxy: Proxy(), setWindowRect: true, strictFileInteractability: false, timeouts: {implicit: 0, pageLoad: 300000, script: 30000}, unhandledPromptBehavior: dismiss and notify, webauthn:extension:credBlob: true, webauthn:extension:largeBlob: true, webauthn:virtualAuthenticators: true}&#10;Session ID: 46653c853aedf46dc85df2e9dc759b19&#10;*** Element info: {Using=xpath, value=////a[@class='nav-link active' and contains(.,' Global Feed ')]}&#10;For documentation on this error, please visit: https://www.seleniumhq.org/exceptions/invalid_selector_exception.html&#10;Build info: version: '3.141.59', revision: 'e82be7d358', time: '2018-11-14T08:17:03'&#10;System info: host: 'DESKTOP-63RC1IU', ip: '192.168.0.10', os.name: 'Windows 10', os.arch: 'amd64', os.version: '10.0', java.version: '1.8.0_352'&#10;Driver info: driver.version: unknown" type="org.openqa.selenium.InvalidSelectorException">invalid selector: Unable to locate an element with the xpath expression ////a[@class='nav-link active' and contains(.,' Global Feed ')] because of the following error:
SyntaxError: Failed to execute 'evaluate' on 'Document': The string '////a[@class='nav-link active' and contains(.,' Global Feed ')]' is not a valid XPath expression.
  (Session info: chrome=107.0.5304.107)
For documentation on this error, please visit: https://www.seleniumhq.org/exceptions/invalid_selector_exception.html
Build info: version: '3.141.59', revision: 'e82be7d358', time: '2018-11-14T08:17:03'
System info: host: 'DESKTOP-63RC1IU', ip: '192.168.0.10', os.name: 'Windows 10', os.arch: 'amd64', os.version: '10.0', java.version: '1.8.0_352'
Driver info: org.openqa.selenium.chrome.ChromeDriver
Capabilities {acceptInsecureCerts: false, browserName: chrome, browserVersion: 107.0.5304.107, chrome: {chromedriverVersion: 107.0.5304.62 (1eec40d3a576..., userDataDir: C:\Users\sebas\AppData\Loca...}, goog:chromeOptions: {debuggerAddress: localhost:62992}, javascriptEnabled: true, networkConnectionEnabled: false, pageLoadStrategy: normal, platform: WINDOWS, platformName: WINDOWS, proxy: Proxy(), setWindowRect: true, strictFileInteractability: false, timeouts: {implicit: 0, pageLoad: 300000, script: 30000}, unhandledPromptBehavior: dismiss and notify, webauthn:extension:credBlob: true, webauthn:extension:largeBlob: true, webauthn:virtualAuthenticators: true}
Session ID: 46653c853aedf46dc85df2e9dc759b19
*** Element info: {Using=xpath, value=////a[@class='nav-link active' and contains(.,' Global Feed ')]}
For documentation on this error, please visit: https://www.seleniumhq.org/exceptions/invalid_selector_exception.html
Build info: version: '3.141.59', revision: 'e82be7d358', time: '2018-11-14T08:17:03'
System info: host: 'DESKTOP-63RC1IU', ip: '192.168.0.10', os.name: 'Windows 10', os.arch: 'amd64', os.version: '10.0', java.version: '1.8.0_352'
Driver info: driver.version: unknown</error><system-err>invalid selector: Unable to locate an element with the xpath expression ////a[@class='nav-link active' and contains(.,' Global Feed ')] because of the following error:
SyntaxError: Failed to execute 'evaluate' on 'Document': The string '////a[@class='nav-link active' and contains(.,' Global Feed ')]' is not a valid XPath expression.
  (Session info: chrome=107.0.5304.107)
For documentation on this error, please visit: https://www.seleniumhq.org/exceptions/invalid_selector_exception.html
Build info: version: '3.141.59', revision: 'e82be7d358', time: '2018-11-14T08:17:03'
System info: host: 'DESKTOP-63RC1IU', ip: '192.168.0.10', os.name: 'Windows 10', os.arch: 'amd64', os.version: '10.0', java.version: '1.8.0_352'
Driver info: org.openqa.selenium.chrome.ChromeDriver
Capabilities {acceptInsecureCerts: false, browserName: chrome, browserVersion: 107.0.5304.107, chrome: {chromedriverVersion: 107.0.5304.62 (1eec40d3a576..., userDataDir: C:\Users\sebas\AppData\Loca...}, goog:chromeOptions: {debuggerAddress: localhost:62992}, javascriptEnabled: true, networkConnectionEnabled: false, pageLoadStrategy: normal, platform: WINDOWS, platformName: WINDOWS, proxy: Proxy(), setWindowRect: true, strictFileInteractability: false, timeouts: {implicit: 0, pageLoad: 300000, script: 30000}, unhandledPromptBehavior: dismiss and notify, webauthn:extension:credBlob: true, webauthn:extension:largeBlob: true, webauthn:virtualAuthenticators: true}
Session ID: 46653c853aedf46dc85df2e9dc759b19
*** Element info: {Using=xpath, value=////a[@class='nav-link active' and contains(.,' Global Feed ')]}
For documentation on this error, please visit: https://www.seleniumhq.org/exceptions/invalid_selector_exception.html
Build info: version: '3.141.59', revision: 'e82be7d358', time: '2018-11-14T08:17:03'
System info: host: 'DESKTOP-63RC1IU', ip: '192.168.0.10', os.name: 'Windows 10', os.arch: 'amd64', os.version: '10.0', java.version: '1.8.0_352'
Driver info: driver.version: unknown&#13;
steps.CrearArticulo.validarCreacionArticulo(CrearArticulo.java:22)&#13;
stepsDefinitions.PruebaTecnicaStepsDefinitions.podra_validar_la_creacion_del_articulo(PruebaTecnicaStepsDefinitions.java:65)&#13;
✽.podra validar la creacion del articulo(src/test/resources/features/PruebaTecnica.feature:18)&#13;
</system-err></testcase></testsuite>